c:\users\валентин\source\repos\coursework\coursework\debug\vc142.pdb
c:\users\валентин\source\repos\coursework\coursework\debug\weapon.obj
c:\users\валентин\source\repos\coursework\coursework\debug\terrorist.obj
c:\users\валентин\source\repos\coursework\coursework\debug\security.obj
c:\users\валентин\source\repos\coursework\coursework\debug\player.obj
c:\users\валентин\source\repos\coursework\coursework\debug\mainwindow.obj
c:\users\валентин\source\repos\coursework\coursework\debug\items.obj
c:\users\валентин\source\repos\coursework\coursework\debug\informer.obj
c:\users\валентин\source\repos\coursework\coursework\debug\gameactor.obj
c:\users\валентин\source\repos\coursework\coursework\debug\equipment.obj
c:\users\валентин\source\repos\coursework\coursework\debug\.netframework,version=v4.7.2.assemblyattributes.obj
c:\users\валентин\source\repos\coursework\coursework\debug\.netframework,version=v4.7.2.assemblyattributes.asm
c:\users\валентин\source\repos\coursework\coursework\debug\coursework.begin.resources
c:\users\валентин\source\repos\coursework\coursework\debug\coursework.enterguard.resources
c:\users\валентин\source\repos\coursework\coursework\debug\coursework.loadoutwindow.resources
c:\users\валентин\source\repos\coursework\coursework\debug\coursework.fightwindow.resources
c:\users\валентин\source\repos\coursework\coursework\debug\coursework.mainwindow.resources
c:\users\валентин\source\repos\coursework\coursework\debug\coursework.securityinventory.resources
c:\users\валентин\source\repos\coursework\coursework\debug\coursework.victorywindow.resources
c:\users\валентин\source\repos\coursework\coursework\debug\coursework.vcxproj.generateresource.cache
c:\users\валентин\source\repos\coursework\coursework\debug\coursework.tlog\cl.command.1.tlog
c:\users\валентин\source\repos\coursework\coursework\debug\coursework.tlog\cl.read.1.tlog
c:\users\валентин\source\repos\coursework\coursework\debug\coursework.tlog\cl.write.1.tlog
c:\users\валентин\source\repos\coursework\coursework\debug\coursework.tlog\coursework.write.1u.tlog
c:\users\валентин\source\repos\coursework\coursework\debug\coursework.tlog\link.4312.read.1.tlog
c:\users\валентин\source\repos\coursework\coursework\debug\coursework.tlog\link.command.1.tlog
c:\users\валентин\source\repos\coursework\coursework\debug\coursework.tlog\link.read.1.tlog
c:\users\валентин\source\repos\coursework\coursework\debug\coursework.tlog\link.write.1.tlog
c:\users\валентин\source\repos\coursework\coursework\debug\coursework.tlog\metagen.read.1.tlog
c:\users\валентин\source\repos\coursework\coursework\debug\coursework.tlog\metagen.write.1.tlog
